android/app/build/intermediates/manifest_merge_blame_file/debug/manifest-merger-blame-debug-report.txt
1<?xml version="1.0" encoding="utf-8"?>
2<manifest xmlns:android="http://schemas.android.com/apk/res/android"
3    package="io.ionic.starter"
4    android:versionCode="1"
5    android:versionName="1.0" >
6
7    <uses-sdk
8        android:minSdkVersion="22"
8-->src\main\AndroidManifest.xml
9        android:targetSdkVersion="32" />
9-->src\main\AndroidManifest.xml
10
11    <uses-permission android:name="android.permission.INTERNET" />
11-->src\main\AndroidManifest.xml:14:5-67
11-->src\main\AndroidManifest.xml:14:22-64
12    <uses-permission android:name="android.permission.READ_EXTERNAL_STORAGE" />
12-->src\main\AndroidManifest.xml:15:5-80
12-->src\main\AndroidManifest.xml:15:22-77
13    <uses-permission android:name="android.permission.WRITE_EXTERNAL_STORAGE" />
13-->src\main\AndroidManifest.xml:16:5-81
13-->src\main\AndroidManifest.xml:16:22-78
14    <uses-permission android:name="android.permission.INTERNET" />
14-->src\main\AndroidManifest.xml:14:5-67
14-->src\main\AndroidManifest.xml:14:22-64
15
16    <queries>
16-->[:capacitor-camera] AndroidManifest.xml:9:5-13:15
17        <intent>
17-->[:capacitor-camera] AndroidManifest.xml:10:9-12:18
18            <action android:name="android.media.action.IMAGE_CAPTURE" />
18-->[:capacitor-camera] AndroidManifest.xml:11:13-73
18-->[:capacitor-camera] AndroidManifest.xml:11:21-70
19        </intent>
20    </queries>
21
22    <uses-permission android:name="android.permission.VIBRATE" />
22-->[:capacitor-haptics] AndroidManifest.xml:9:5-66
22-->[:capacitor-haptics] AndroidManifest.xml:9:22-63
23    <uses-permission android:name="android.permission.USE_CREDENTIALS" />
23-->[:codetrix-studio-capacitor-google-auth] AndroidManifest.xml:9:5-74
23-->[:codetrix-studio-capacitor-google-auth] AndroidManifest.xml:9:22-71
24
25    <application
25-->src\main\AndroidManifest.xml:3:5-13:19
26        android:allowBackup="true"
26-->src\main\AndroidManifest.xml:3:18-44
27        android:appComponentFactory="androidx.core.app.CoreComponentFactory"
27-->[androidx.core:core:1.8.0] AndroidManifest.xml:24:18-86
28        android:debuggable="true"
29        android:icon="@mipmap/ic_launcher"
29-->src\main\AndroidManifest.xml:3:45-79
30        android:label="@string/app_name"
30-->src\main\AndroidManifest.xml:3:80-112
31        android:roundIcon="@mipmap/ic_launcher_round"
31-->src\main\AndroidManifest.xml:3:113-158
32        android:supportsRtl="true"
32-->src\main\AndroidManifest.xml:3:159-185
33        android:theme="@style/AppTheme"
33-->src\main\AndroidManifest.xml:3:186-217
34        android:usesCleartextTraffic="true" >
34-->src\main\AndroidManifest.xml:3:218-253
35        <activity
35-->src\main\AndroidManifest.xml:4:9-9:20
36            android:name="io.ionic.starter.MainActivity"
36-->src\main\AndroidManifest.xml:4:236-280
37            android:configChanges="orientation|keyboardHidden|keyboard|screenSize|locale|smallestScreenSize|screenLayout|uiMode"
37-->src\main\AndroidManifest.xml:4:19-135
38            android:exported="true"
38-->src\main\AndroidManifest.xml:4:136-159
39            android:label="@string/title_activity_main"
39-->src\main\AndroidManifest.xml:4:160-203
40            android:launchMode="singleTask"
40-->src\main\AndroidManifest.xml:4:204-235
41            android:theme="@style/AppTheme.NoActionBarLaunch" >
41-->src\main\AndroidManifest.xml:4:281-330
42            <intent-filter>
42-->src\main\AndroidManifest.xml:5:13-8:29
43                <action android:name="android.intent.action.MAIN" />
43-->src\main\AndroidManifest.xml:6:17-69
43-->src\main\AndroidManifest.xml:6:25-66
44
45                <category android:name="android.intent.category.LAUNCHER" />
45-->src\main\AndroidManifest.xml:7:17-77
45-->src\main\AndroidManifest.xml:7:27-74
46            </intent-filter>
47        </activity>
48
49        <provider
50            android:name="androidx.core.content.FileProvider"
50-->src\main\AndroidManifest.xml:10:131-180
51            android:authorities="io.ionic.starter.fileprovider"
51-->src\main\AndroidManifest.xml:10:19-70
52            android:exported="false"
52-->src\main\AndroidManifest.xml:10:71-95
53            android:grantUriPermissions="true" >
53-->src\main\AndroidManifest.xml:10:96-130
54            <meta-data
54-->src\main\AndroidManifest.xml:11:13-112
55                android:name="android.support.FILE_PROVIDER_PATHS"
55-->src\main\AndroidManifest.xml:11:24-74
56                android:resource="@xml/file_paths" />
56-->src\main\AndroidManifest.xml:11:75-109
57        </provider>
58
59        <activity
59-->[com.google.android.gms:play-services-auth:18.1.0] AndroidManifest.xml:23:9-27:75
60            android:name="com.google.android.gms.auth.api.signin.internal.SignInHubActivity"
60-->[com.google.android.gms:play-services-auth:18.1.0] AndroidManifest.xml:24:13-93
61            android:excludeFromRecents="true"
61-->[com.google.android.gms:play-services-auth:18.1.0] AndroidManifest.xml:25:13-46
62            android:exported="false"
62-->[com.google.android.gms:play-services-auth:18.1.0] AndroidManifest.xml:26:13-37
63            android:theme="@android:style/Theme.Translucent.NoTitleBar" />
63-->[com.google.android.gms:play-services-auth:18.1.0] AndroidManifest.xml:27:13-72
64        <!--
65            Service handling Google Sign-In user revocation. For apps that do not integrate with
66            Google Sign-In, this service will never be started.
67        -->
68        <service
68-->[com.google.android.gms:play-services-auth:18.1.0] AndroidManifest.xml:33:9-37:51
69            android:name="com.google.android.gms.auth.api.signin.RevocationBoundService"
69-->[com.google.android.gms:play-services-auth:18.1.0] AndroidManifest.xml:34:13-89
70            android:exported="true"
70-->[com.google.android.gms:play-services-auth:18.1.0] AndroidManifest.xml:35:13-36
71            android:permission="com.google.android.gms.auth.api.signin.permission.REVOCATION_NOTIFICATION"
71-->[com.google.android.gms:play-services-auth:18.1.0] AndroidManifest.xml:36:13-107
72            android:visibleToInstantApps="true" />
72-->[com.google.android.gms:play-services-auth:18.1.0] AndroidManifest.xml:37:13-48
73
74        <activity
74-->[com.google.android.gms:play-services-base:17.1.0] AndroidManifest.xml:23:9-26:75
75            android:name="com.google.android.gms.common.api.GoogleApiActivity"
75-->[com.google.android.gms:play-services-base:17.1.0] AndroidManifest.xml:24:13-79
76            android:exported="false"
76-->[com.google.android.gms:play-services-base:17.1.0] AndroidManifest.xml:25:13-37
77            android:theme="@android:style/Theme.Translucent.NoTitleBar" />
77-->[com.google.android.gms:play-services-base:17.1.0] AndroidManifest.xml:26:13-72
78
79        <meta-data
79-->[com.google.android.gms:play-services-basement:17.1.1] AndroidManifest.xml:23:9-25:69
80            android:name="com.google.android.gms.version"
80-->[com.google.android.gms:play-services-basement:17.1.1] AndroidManifest.xml:24:13-58
81            android:value="@integer/google_play_services_version" />
81-->[com.google.android.gms:play-services-basement:17.1.1] AndroidManifest.xml:25:13-66
82
83        <provider
83-->[androidx.emoji2:emoji2:1.0.0] AndroidManifest.xml:26:9-34:20
84            android:name="androidx.startup.InitializationProvider"
84-->[androidx.emoji2:emoji2:1.0.0] AndroidManifest.xml:27:13-67
85            android:authorities="io.ionic.starter.androidx-startup"
85-->[androidx.emoji2:emoji2:1.0.0] AndroidManifest.xml:28:13-68
86            android:exported="false" >
86-->[androidx.emoji2:emoji2:1.0.0] AndroidManifest.xml:29:13-37
87            <meta-data
87-->[androidx.emoji2:emoji2:1.0.0] AndroidManifest.xml:31:13-33:52
88                android:name="androidx.emoji2.text.EmojiCompatInitializer"
88-->[androidx.emoji2:emoji2:1.0.0] AndroidManifest.xml:32:17-75
89                android:value="androidx.startup" />
89-->[androidx.emoji2:emoji2:1.0.0] AndroidManifest.xml:33:17-49
90            <meta-data
90-->[androidx.lifecycle:lifecycle-process:2.4.0] AndroidManifest.xml:31:13-33:52
91                android:name="androidx.lifecycle.ProcessLifecycleInitializer"
91-->[androidx.lifecycle:lifecycle-process:2.4.0] AndroidManifest.xml:32:17-78
92                android:value="androidx.startup" />
92-->[androidx.lifecycle:lifecycle-process:2.4.0] AndroidManifest.xml:33:17-49
93        </provider>
94    </application>
95
96</manifest>